<?xml version="1.0" encoding="UTF-8"?>
<testng-results ignored="0" total="1" passed="1" failed="0" skipped="0">
  <reporter-output>
  </reporter-output>
  <suite started-at="2023-02-09T17:03:08 IST" name="Default suite" finished-at="2023-02-09T17:03:51 IST" duration-ms="43620">
    <groups>
    </groups>
    <test started-at="2023-02-09T17:03:08 IST" name="Default test" finished-at="2023-02-09T17:03:51 IST" duration-ms="43620">
      <class name="com.selenium.com.selemium.DatePicker_Demo1">
        <test-method signature="DatePicker()[pri:0, instance:com.selenium.com.selemium.DatePicker_Demo1@43301423]" started-at="2023-02-09T17:03:08 IST" name="DatePicker" finished-at="2023-02-09T17:03:51 IST" duration-ms="43575" status="PASS">
          <reporter-output>
          </reporter-output>
        </test-method> <!-- DatePicker -->
      </class> <!-- com.selenium.com.selemium.DatePicker_Demo1 -->
    </test> <!-- Default test -->
  </suite> <!-- Default suite -->
</testng-results>
